

times in msec
 clock   self+sourced   self:  sourced script
 clock   elapsed:              other lines

000.009  000.009: --- NVIM STARTING ---
000.171  000.162: event init
000.379  000.207: early init
000.791  000.413: locale set
000.889  000.097: init first window
001.531  000.642: inits 1
001.557  000.026: window checked
001.734  000.177: parsing arguments
002.382  000.074  000.074: require('vim.shared')
002.504  000.045  000.045: require('vim._meta')
002.506  000.120  000.075: require('vim._editor')
002.508  000.237  000.043: require('vim._init_packages')
002.522  000.551: init lua interpreter
005.101  002.579: expanding arguments
005.179  000.078: inits 2
005.504  000.325: init highlight
005.506  000.002: waiting for UI
009.217  003.711: done waiting for UI
009.237  000.020: init screen for UI
009.548  000.311: init default mappings
009.567  000.019: init default autocommands
012.611  000.311  000.311: sourcing /usr/local/Cellar/neovim/0.8.1/share/nvim/runtime/ftplugin.vim
013.261  000.120  000.120: sourcing /usr/local/Cellar/neovim/0.8.1/share/nvim/runtime/indent.vim
014.062  000.335  000.335: require('user.settings')
014.343  000.269  000.269: require('user.utils')
014.888  000.020  000.020: require('vim.keymap')
017.713  000.206  000.206: require('user.lazy')
019.249  001.399  001.399: require('lazy')
019.298  000.016  000.016: require('ffi')
019.763  000.463  000.463: require('lazy.core.cache')
021.140  000.171  000.171: require('lazy.core.util')
021.275  000.130  000.130: require('lazy.core.config')
021.436  000.070  000.070: require('lazy.core.handler')
021.441  000.163  000.092: require('lazy.core.loader')
021.520  000.077  000.077: require('lazy.core.plugin')
024.113  000.079  000.079: require('lazy.core.handler.event')
024.119  000.177  000.098: require('lazy.core.handler.ft')
024.191  000.069  000.069: require('lazy.core.handler.keys')
024.258  000.063  000.063: require('lazy.core.handler.cmd')
024.987  000.195  000.195: sourcing /usr/local/Cellar/neovim/0.8.1/share/nvim/runtime/filetype.lua
026.421  000.264  000.264: sourcing /usr/local/Cellar/neovim/0.8.1/share/nvim/runtime/plugin/gzip.vim
026.907  000.054  000.054: sourcing /usr/local/Cellar/neovim/0.8.1/share/nvim/runtime/plugin/health.vim
027.233  000.154  000.154: sourcing /usr/local/Cellar/neovim/0.8.1/share/nvim/runtime/plugin/man.lua
027.387  000.034  000.034: sourcing /usr/local/Cellar/neovim/0.8.1/share/nvim/runtime/plugin/matchit.vim
028.019  000.518  000.518: sourcing /usr/local/Cellar/neovim/0.8.1/share/nvim/runtime/plugin/matchparen.vim
028.268  000.046  000.046: sourcing /usr/local/Cellar/neovim/0.8.1/share/nvim/runtime/plugin/netrwPlugin.vim
028.925  000.020  000.020: sourcing /Users/Kelo/.local/share/nvim/rplugin.vim
028.941  000.363  000.343: sourcing /usr/local/Cellar/neovim/0.8.1/share/nvim/runtime/plugin/rplugin.vim
029.149  000.103  000.103: sourcing /usr/local/Cellar/neovim/0.8.1/share/nvim/runtime/plugin/shada.vim
029.287  000.021  000.021: sourcing /usr/local/Cellar/neovim/0.8.1/share/nvim/runtime/plugin/spellfile.vim
029.423  000.027  000.027: sourcing /usr/local/Cellar/neovim/0.8.1/share/nvim/runtime/plugin/tarPlugin.vim
029.559  000.024  000.024: sourcing /usr/local/Cellar/neovim/0.8.1/share/nvim/runtime/plugin/tohtml.vim
029.691  000.031  000.031: sourcing /usr/local/Cellar/neovim/0.8.1/share/nvim/runtime/plugin/tutor.vim
029.824  000.029  000.029: sourcing /usr/local/Cellar/neovim/0.8.1/share/nvim/runtime/plugin/zipPlugin.vim
030.498  000.423  000.423: require('user.ui')
031.046  000.131  000.131: require('onedark')
033.535  000.207  000.207: require('onedark')
034.501  000.226  000.226: require('onedark.palette')
034.608  000.440  000.214: require('onedark.colors')
034.721  000.105  000.105: require('onedark.util')
034.907  000.956  000.411: require('onedark.highlights')
038.684  000.184  000.184: require('onedark.terminal')
038.710  005.505  004.158: sourcing /Users/Kelo/.local/share/nvim/lazy/onedark.nvim/colors/onedark.lua
038.736  025.124  013.645: sourcing /Users/Kelo/.config/nvim/init.lua
038.764  003.642: sourcing vimrc file(s)
039.174  000.184  000.184: sourcing /usr/local/Cellar/neovim/0.8.1/share/nvim/runtime/filetype.lua
039.323  000.033  000.033: sourcing /usr/local/Cellar/neovim/0.8.1/share/nvim/runtime/filetype.vim
039.759  000.133  000.133: sourcing /usr/local/Cellar/neovim/0.8.1/share/nvim/runtime/syntax/synload.vim
039.868  000.408  000.275: sourcing /usr/local/Cellar/neovim/0.8.1/share/nvim/runtime/syntax/syntax.vim
039.888  000.499: inits 3
043.697  003.809: reading ShaDa
047.644  000.116  000.116: require('guess-indent.utils')
047.851  000.201  000.201: require('guess-indent.config')
047.856  001.367  001.049: require('guess-indent')
048.952  000.981  000.981: require('vim.filetype')
050.118  000.115  000.115: sourcing /usr/local/Cellar/neovim/0.8.1/share/nvim/runtime/ftplugin/lua.vim
051.343  000.062  000.062: sourcing /usr/local/Cellar/neovim/0.8.1/share/nvim/runtime/ftplugin/lua.lua
052.835  000.120  000.120: sourcing /usr/local/Cellar/neovim/0.8.1/share/nvim/runtime/indent/lua.vim
054.320  001.114  001.114: sourcing /usr/local/Cellar/neovim/0.8.1/share/nvim/runtime/syntax/lua.vim
054.614  007.158: opening buffers
054.633  000.019: BufEnter autocommands
054.640  000.007: editing files in windows
055.450  000.065  000.065: sourcing /Users/Kelo/.local/share/nvim/lazy/nvim-web-devicons/plugin/nvim-web-devicons.vim
056.540  000.125  000.125: require('bufferline.lazy')
056.679  000.128  000.128: require('bufferline.constants')
056.983  000.300  000.300: require('bufferline.commands')
056.991  001.423  000.870: require('bufferline')
057.339  000.343  000.343: require('bufferline.utils')
057.949  000.597  000.597: require('bufferline.config')
058.694  000.577  000.577: require('bufferline.groups')
058.994  000.232  000.232: require('bufferline.colors')
059.722  000.363  000.363: require('bufferline.highlights')
060.038  000.017  000.017: require('vim.F')
061.836  000.492  000.492: require('bufferline.hover')
062.922  000.967  000.967: require('bufferline.ui')
064.595  000.198  000.198: require('lualine_require')
064.968  001.607  001.409: require('lualine')
065.114  000.142  000.142: require('lualine.themes.onedark')
070.045  000.203  000.203: require('lualine.utils.mode')
071.000  009.334: VimEnter autocommands
071.227  000.213  000.213: require('lazy.stats')
071.280  000.066: UIEnter autocommands
071.282  000.002: before starting main loop
072.124  000.224  000.224: require('bufferline.pick')
072.339  000.210  000.210: require('bufferline.duplicates')
072.665  000.321  000.321: require('bufferline.diagnostics')
073.033  000.365  000.365: require('bufferline.models')
073.037  001.454  000.334: require('bufferline.buffers')
073.212  000.140  000.140: require('bufferline.state')
075.006  001.722  001.722: require('nvim-web-devicons')
077.653  000.441  000.441: require('bufferline.numbers')
078.893  000.690  000.690: require('bufferline.sorters')
079.696  000.735  000.735: require('bufferline.tabpages')
080.156  000.330  000.330: require('bufferline.offset')
080.357  000.184  000.184: require('bufferline.custom_area')
081.850  004.872: first screen update
081.854  000.005: --- NVIM STARTED ---
